{"errors":{"name":{"message":"Path `name` is required.","name":"ValidatorError","properties":{"message":"Path `{PATH}` is required.","type":"required","path":"name","value":""},"kind":"required","path":"name","value":"","$isValidatorError":true}},"_message":"football_team validation failed","message":"football_team validation failed: name: Path `name` is required.","name":"ValidationError","level":"error"}
{"errors":{"name":{"message":"Path `name` is required.","name":"ValidatorError","properties":{"message":"Path `{PATH}` is required.","type":"required","path":"name","value":""},"kind":"required","path":"name","value":"","$isValidatorError":true}},"_message":"football_team validation failed","message":"football_team validation failed: name: Path `name` is required.","name":"ValidationError","level":"error"}
{"errors":{"name":{"message":"Path `name` is required.","name":"ValidatorError","properties":{"message":"Path `{PATH}` is required.","type":"required","path":"name","value":""},"kind":"required","path":"name","value":"","$isValidatorError":true}},"_message":"football_team validation failed","message":"football_team validation failed: name: Path `name` is required.","name":"ValidationError","level":"error"}
{"errors":{"name":{"message":"Path `name` is required.","name":"ValidatorError","properties":{"message":"Path `{PATH}` is required.","type":"required","path":"name","value":""},"kind":"required","path":"name","value":"","$isValidatorError":true}},"_message":"football_team validation failed","message":"football_team validation failed: name: Path `name` is required.","name":"ValidationError","level":"error"}
{"errors":{"name":{"message":"Path `name` is required.","name":"ValidatorError","properties":{"message":"Path `{PATH}` is required.","type":"required","path":"name","value":""},"kind":"required","path":"name","value":"","$isValidatorError":true}},"_message":"football_team validation failed","message":"football_team validation failed: name: Path `name` is required.","name":"ValidationError","level":"error"}
{"message":"Proxy failed at request: http://www.zerozero.pt/player.php?id=217215","level":"error"}
{"name":"MongoError","message":"E11000 duplicate key error collection: SportsConnected.football_teams index: name_1 dup key: { : \"FC Porto\" }","driver":true,"index":0,"code":11000,"errmsg":"E11000 duplicate key error collection: SportsConnected.football_teams index: name_1 dup key: { : \"FC Porto\" }","level":"error"}
{"name":"MongoError","message":"E11000 duplicate key error collection: SportsConnected.football_teams index: name_1 dup key: { : \"FC Porto\" }","ok":0,"errmsg":"E11000 duplicate key error collection: SportsConnected.football_teams index: name_1 dup key: { : \"FC Porto\" }","code":11000,"codeName":"DuplicateKey","level":"error"}
{"current_season":{"standings":[],"stats":[]},"external_ids":{"zerozero":98399},"previous_seasons":[],"_id":"5b167d064b73ad0858840b36","__v":0,"name":"Liga NOS 2016/17","level":"error","message":"Updated competition"}
{"name":"MongoError","message":"E11000 duplicate key error collection: SportsConnected.football_teams index: external_ids.zerozero_1 dup key: { : 4 }","ok":0,"errmsg":"E11000 duplicate key error collection: SportsConnected.football_teams index: external_ids.zerozero_1 dup key: { : 4 }","code":11000,"codeName":"DuplicateKey","level":"error"}
{"name":"MongoError","message":"E11000 duplicate key error collection: SportsConnected.football_teams index: external_ids.zerozero_1 dup key: { : 4 }","ok":0,"errmsg":"E11000 duplicate key error collection: SportsConnected.football_teams index: external_ids.zerozero_1 dup key: { : 4 }","code":11000,"codeName":"DuplicateKey","level":"error"}
{"name":"MongoError","message":"E11000 duplicate key error collection: SportsConnected.football_teams index: external_ids.zerozero_1 dup key: { : 9 }","ok":0,"errmsg":"E11000 duplicate key error collection: SportsConnected.football_teams index: external_ids.zerozero_1 dup key: { : 9 }","code":11000,"codeName":"DuplicateKey","level":"error"}
{"name":"MongoError","message":"E11000 duplicate key error collection: SportsConnected.football_teams index: external_ids.zerozero_1 dup key: { : 16 }","ok":0,"errmsg":"E11000 duplicate key error collection: SportsConnected.football_teams index: external_ids.zerozero_1 dup key: { : 16 }","code":11000,"codeName":"DuplicateKey","level":"error"}
{"name":"MongoError","message":"E11000 duplicate key error collection: SportsConnected.football_teams index: external_ids.zerozero_1 dup key: { : 18 }","ok":0,"errmsg":"E11000 duplicate key error collection: SportsConnected.football_teams index: external_ids.zerozero_1 dup key: { : 18 }","code":11000,"codeName":"DuplicateKey","level":"error"}
{"name":"MongoError","message":"E11000 duplicate key error collection: SportsConnected.football_teams index: external_ids.zerozero_1 dup key: { : 15 }","ok":0,"errmsg":"E11000 duplicate key error collection: SportsConnected.football_teams index: external_ids.zerozero_1 dup key: { : 15 }","code":11000,"codeName":"DuplicateKey","level":"error"}
{"name":"MongoError","message":"E11000 duplicate key error collection: SportsConnected.football_teams index: external_ids.zerozero_1 dup key: { : 12 }","ok":0,"errmsg":"E11000 duplicate key error collection: SportsConnected.football_teams index: external_ids.zerozero_1 dup key: { : 12 }","code":11000,"codeName":"DuplicateKey","level":"error"}
{"name":"MongoError","message":"E11000 duplicate key error collection: SportsConnected.football_teams index: external_ids.zerozero_1 dup key: { : 1728 }","ok":0,"errmsg":"E11000 duplicate key error collection: SportsConnected.football_teams index: external_ids.zerozero_1 dup key: { : 1728 }","code":11000,"codeName":"DuplicateKey","level":"error"}
{"name":"MongoError","message":"E11000 duplicate key error collection: SportsConnected.football_teams index: external_ids.zerozero_1 dup key: { : 5 }","ok":0,"errmsg":"E11000 duplicate key error collection: SportsConnected.football_teams index: external_ids.zerozero_1 dup key: { : 5 }","code":11000,"codeName":"DuplicateKey","level":"error"}
{"name":"MongoError","message":"E11000 duplicate key error collection: SportsConnected.football_teams index: external_ids.zerozero_1 dup key: { : 4 }","ok":0,"errmsg":"E11000 duplicate key error collection: SportsConnected.football_teams index: external_ids.zerozero_1 dup key: { : 4 }","code":11000,"codeName":"DuplicateKey","level":"error"}
{"name":"MongoError","message":"E11000 duplicate key error collection: SportsConnected.football_teams index: external_ids.zerozero_1 dup key: { : 16 }","ok":0,"errmsg":"E11000 duplicate key error collection: SportsConnected.football_teams index: external_ids.zerozero_1 dup key: { : 16 }","code":11000,"codeName":"DuplicateKey","level":"error"}
{"name":"MongoError","message":"E11000 duplicate key error collection: SportsConnected.football_teams index: external_ids.zerozero_1 dup key: { : 9 }","ok":0,"errmsg":"E11000 duplicate key error collection: SportsConnected.football_teams index: external_ids.zerozero_1 dup key: { : 9 }","code":11000,"codeName":"DuplicateKey","level":"error"}
{"name":"MongoError","message":"E11000 duplicate key error collection: SportsConnected.football_teams index: external_ids.zerozero_1 dup key: { : 18 }","ok":0,"errmsg":"E11000 duplicate key error collection: SportsConnected.football_teams index: external_ids.zerozero_1 dup key: { : 18 }","code":11000,"codeName":"DuplicateKey","level":"error"}
{"name":"MongoError","message":"E11000 duplicate key error collection: SportsConnected.football_teams index: external_ids.zerozero_1 dup key: { : 15 }","ok":0,"errmsg":"E11000 duplicate key error collection: SportsConnected.football_teams index: external_ids.zerozero_1 dup key: { : 15 }","code":11000,"codeName":"DuplicateKey","level":"error"}
{"name":"MongoError","message":"E11000 duplicate key error collection: SportsConnected.football_teams index: external_ids.zerozero_1 dup key: { : 12 }","ok":0,"errmsg":"E11000 duplicate key error collection: SportsConnected.football_teams index: external_ids.zerozero_1 dup key: { : 12 }","code":11000,"codeName":"DuplicateKey","level":"error"}
{"name":"MongoError","message":"E11000 duplicate key error collection: SportsConnected.football_teams index: external_ids.zerozero_1 dup key: { : 31 }","ok":0,"errmsg":"E11000 duplicate key error collection: SportsConnected.football_teams index: external_ids.zerozero_1 dup key: { : 31 }","code":11000,"codeName":"DuplicateKey","level":"error"}
{"name":"MongoError","message":"E11000 duplicate key error collection: SportsConnected.football_teams index: external_ids.zerozero_1 dup key: { : 1728 }","ok":0,"errmsg":"E11000 duplicate key error collection: SportsConnected.football_teams index: external_ids.zerozero_1 dup key: { : 1728 }","code":11000,"codeName":"DuplicateKey","level":"error"}
{"name":"MongoError","message":"E11000 duplicate key error collection: SportsConnected.football_teams index: external_ids.zerozero_1 dup key: { : 1734 }","ok":0,"errmsg":"E11000 duplicate key error collection: SportsConnected.football_teams index: external_ids.zerozero_1 dup key: { : 1734 }","code":11000,"codeName":"DuplicateKey","level":"error"}
{"name":"MongoError","message":"E11000 duplicate key error collection: SportsConnected.football_teams index: external_ids.zerozero_1 dup key: { : 3 }","ok":0,"errmsg":"E11000 duplicate key error collection: SportsConnected.football_teams index: external_ids.zerozero_1 dup key: { : 3 }","code":11000,"codeName":"DuplicateKey","level":"error"}
{"name":"MongoError","message":"E11000 duplicate key error collection: SportsConnected.football_teams index: external_ids.zerozero_1 dup key: { : 20 }","ok":0,"errmsg":"E11000 duplicate key error collection: SportsConnected.football_teams index: external_ids.zerozero_1 dup key: { : 20 }","code":11000,"codeName":"DuplicateKey","level":"error"}
{"name":"MongoError","message":"E11000 duplicate key error collection: SportsConnected.football_teams index: external_ids.zerozero_1 dup key: { : 13 }","ok":0,"errmsg":"E11000 duplicate key error collection: SportsConnected.football_teams index: external_ids.zerozero_1 dup key: { : 13 }","code":11000,"codeName":"DuplicateKey","level":"error"}
{"name":"MongoError","message":"E11000 duplicate key error collection: SportsConnected.football_teams index: external_ids.zerozero_1 dup key: { : 35 }","ok":0,"errmsg":"E11000 duplicate key error collection: SportsConnected.football_teams index: external_ids.zerozero_1 dup key: { : 35 }","code":11000,"codeName":"DuplicateKey","level":"error"}
{"name":"MongoError","message":"E11000 duplicate key error collection: SportsConnected.football_teams index: external_ids.zerozero_1 dup key: { : 6 }","ok":0,"errmsg":"E11000 duplicate key error collection: SportsConnected.football_teams index: external_ids.zerozero_1 dup key: { : 6 }","code":11000,"codeName":"DuplicateKey","level":"error"}
{"name":"MongoError","message":"E11000 duplicate key error collection: SportsConnected.football_teams index: external_ids.zerozero_1 dup key: { : 4336 }","ok":0,"errmsg":"E11000 duplicate key error collection: SportsConnected.football_teams index: external_ids.zerozero_1 dup key: { : 4336 }","code":11000,"codeName":"DuplicateKey","level":"error"}
{"message":"Team was already at competition","level":"error"}
{"message":"Team was already at competition","level":"error"}
{"message":"Team was already at competition","level":"error"}
{"message":"Team was already at competition","level":"error"}
{"message":"Team was already at competition","level":"error"}
{"message":"Team was already at competition","level":"error"}
{"message":"Team was already at competition","level":"error"}
{"message":"Team was already at competition","level":"error"}
{"message":"Team was already at competition","level":"error"}
{"message":"Team was already at competition","level":"error"}
{"message":"Team was already at competition","level":"error"}
{"message":"Team was already at competition","level":"error"}
{"message":"Team was already at competition","level":"error"}
{"message":"Team was already at competition","level":"error"}
{"message":"Team was already at competition","level":"error"}
{"message":"Team was already at competition","level":"error"}
{"message":"Team was already at competition","level":"error"}
{"name":"MongoError","message":"E11000 duplicate key error collection: SportsConnected.football_teams index: name_1 dup key: { : \"FC Porto\" }","ok":0,"errmsg":"E11000 duplicate key error collection: SportsConnected.football_teams index: name_1 dup key: { : \"FC Porto\" }","code":11000,"codeName":"DuplicateKey","level":"error"}
{"message":"Team was already at competition","level":"error"}
{"message":"Team was already at competition","level":"error"}
{"message":"Team was already at competition","level":"error"}
{"message":"Team was already at competition","level":"error"}
{"message":"Team was already at competition","level":"error"}
{"message":"Team was already at competition","level":"error"}
{"message":"Team was already at competition","level":"error"}
{"message":"Team was already at competition","level":"error"}
{"message":"Team was already at competition","level":"error"}
{"message":"Team was already at competition","level":"error"}
{"message":"Team was already at competition","level":"error"}
{"message":"Team was already at competition","level":"error"}
{"message":"Team was already at competition","level":"error"}
{"message":"Team was already at competition","level":"error"}
{"message":"Team was already at competition","level":"error"}
{"message":"Team was already at competition","level":"error"}
{"message":"Team was already at competition","level":"error"}
{"message":"Team was already at competition","level":"error"}
{"message":"Team was already at competition","level":"error"}
{"message":"Team was already at competition","level":"error"}
{"message":"Team was already at competition","level":"error"}
{"message":"Team was already at competition","level":"error"}
{"message":"Team was already at competition","level":"error"}
{"message":"Team was already at competition","level":"error"}
{"message":"Team was already at competition","level":"error"}
{"message":"Team was already at competition","level":"error"}
